<?xml version="1.0" encoding="UTF-8"?>
<!-- Generated by org.testng.reporters.JUnitReportReporter -->
<testsuite hostname="Mayank-Macbook.local" failures="0" tests="6" name="com.FirstMavenProject.AnnoTestNG" time="0.023" errors="0" timestamp="2022-11-17T08:15:34 IST" skipped="0">
  <testcase classname="com.FirstMavenProject.AnnoTestNG" name="test5" time="0.004"/>
  <system-out/>
  <testcase classname="com.FirstMavenProject.AnnoTestNG" name="test4" time="0.003"/>
  <system-out/>
  <testcase classname="com.FirstMavenProject.AnnoTestNG" name="test2" time="0.006"/>
  <system-out/>
  <testcase classname="com.FirstMavenProject.AnnoTestNG" name="test8" time="0.003"/>
  <system-out/>
  <testcase classname="com.FirstMavenProject.AnnoTestNG" name="test6" time="0.005"/>
  <system-out/>
  <testcase classname="com.FirstMavenProject.AnnoTestNG" name="test7" time="0.002"/>
  <system-out/>
</testsuite> <!-- com.FirstMavenProject.AnnoTestNG -->
