<?xml version="1.0" encoding="UTF-8"?>
<!-- Generated by org.testng.reporters.JUnitReportReporter -->
<testsuite hostname="Mayank-Macbook.local" failures="0" tests="1" name="com.FirstMavenProject.TestNGPractice" time="10.324" errors="0" timestamp="2022-11-17T08:15:34 IST" skipped="0">
  <testcase classname="com.FirstMavenProject.TestNGPractice" name="test1" time="10.324"/>
  <system-out/>
</testsuite> <!-- com.FirstMavenProject.TestNGPractice -->
