<?xml version="1.0" encoding="UTF-8"?>
<!-- Generated by org.testng.reporters.JUnitReportReporter -->
<testsuite hostname="Mayank-Macbook.local" failures="0" tests="1" name="com.FirstMavenProject.TestNGExample" time="11.058" errors="0" timestamp="2022-11-17T08:17:35 IST" skipped="0">
  <testcase classname="com.FirstMavenProject.TestNGExample" name="test1" time="11.058"/>
  <system-out/>
</testsuite> <!-- com.FirstMavenProject.TestNGExample -->
