<?xml version="1.0" encoding="UTF-8"?>
<!-- Generated by org.testng.reporters.JUnitReportReporter -->
<testsuite hostname="Mayank-Macbook.local" failures="0" tests="7" name="com.FirstMavenProject.TestNGAnno" time="0.005" errors="0" timestamp="2022-11-17T08:23:43 IST" skipped="0">
  <testcase classname="com.FirstMavenProject.TestNGAnno" name="test6" time="0.000"/>
  <system-out/>
  <testcase classname="com.FirstMavenProject.TestNGAnno" name="test8" time="0.001"/>
  <system-out/>
  <testcase classname="com.FirstMavenProject.TestNGAnno" name="test9" time="0.002"/>
  <system-out/>
  <testcase classname="com.FirstMavenProject.TestNGAnno" name="test4" time="0.000"/>
  <system-out/>
  <testcase classname="com.FirstMavenProject.TestNGAnno" name="test7" time="0.000"/>
  <system-out/>
  <testcase classname="com.FirstMavenProject.TestNGAnno" name="test2" time="0.002"/>
  <system-out/>
  <testcase classname="com.FirstMavenProject.TestNGAnno" name="test5" time="0.000"/>
  <system-out/>
</testsuite> <!-- com.FirstMavenProject.TestNGAnno -->
